[2024-10-13T23:52:25.538+0000] {local_task_job_runner.py:120} INFO - ::group::Pre task execution logs
[2024-10-13T23:52:25.552+0000] {taskinstance.py:2076} INFO - Dependencies all met for dep_context=non-requeueable deps ti=<TaskInstance: Nikita_Lapshin_experiment.train_and_log_model manual__2024-10-13T23:52:02.748773+00:00 [queued]>
[2024-10-13T23:52:25.558+0000] {taskinstance.py:2076} INFO - Dependencies all met for dep_context=requeueable deps ti=<TaskInstance: Nikita_Lapshin_experiment.train_and_log_model manual__2024-10-13T23:52:02.748773+00:00 [queued]>
[2024-10-13T23:52:25.558+0000] {taskinstance.py:2306} INFO - Starting attempt 1 of 4
[2024-10-13T23:52:25.569+0000] {taskinstance.py:2330} INFO - Executing <Task(PythonOperator): train_and_log_model> on 2024-10-13 23:52:02.748773+00:00
[2024-10-13T23:52:25.582+0000] {standard_task_runner.py:64} INFO - Started process 243 to run task
[2024-10-13T23:52:25.586+0000] {standard_task_runner.py:90} INFO - Running: ['***', 'tasks', 'run', 'Nikita_Lapshin_experiment', 'train_and_log_model', 'manual__2024-10-13T23:52:02.748773+00:00', '--job-id', '154', '--raw', '--subdir', 'DAGS_FOLDER/HW2.py', '--cfg-path', '/tmp/tmpjr75flfn']
[2024-10-13T23:52:25.588+0000] {standard_task_runner.py:91} INFO - Job 154: Subtask train_and_log_model
[2024-10-13T23:52:25.634+0000] {task_command.py:426} INFO - Running <TaskInstance: Nikita_Lapshin_experiment.train_and_log_model manual__2024-10-13T23:52:02.748773+00:00 [running]> on host 43effb7ea5a5
[2024-10-13T23:52:25.727+0000] {taskinstance.py:2648} INFO - Exporting env vars: AIRFLOW_CTX_DAG_OWNER='Lapshin Nikita' AIRFLOW_CTX_DAG_ID='Nikita_Lapshin_experiment' AIRFLOW_CTX_TASK_ID='train_and_log_model' AIRFLOW_CTX_EXECUTION_DATE='2024-10-13T23:52:02.748773+00:00' AIRFLOW_CTX_TRY_NUMBER='1' AIRFLOW_CTX_DAG_RUN_ID='manual__2024-10-13T23:52:02.748773+00:00'
[2024-10-13T23:52:25.729+0000] {taskinstance.py:430} INFO - ::endgroup::
[2024-10-13T23:52:25.742+0000] {s3.py:1422} INFO - Downloading source S3 file from Bucket mlops-2 with path datasets/prepared_data.csv
[2024-10-13T23:52:25.750+0000] {base.py:84} INFO - Using connection ID 's3_connection' for task execution.
[2024-10-13T23:52:25.751+0000] {connection_wrapper.py:388} INFO - AWS Connection (conn_id='s3_connection', conn_type='aws') credentials retrieved from login and password.
[2024-10-13T23:52:27.580+0000] {logging_mixin.py:188} WARNING - 2024/10/13 23:52:27 INFO mlflow.tracking.fluent: Experiment with name 'Lapshin Nikita' does not exist. Creating a new experiment.
[2024-10-13T23:52:27.633+0000] {logging_mixin.py:188} INFO - result1
[2024-10-13T23:52:27.843+0000] {logging_mixin.py:188} WARNING - 2024/10/13 23:52:27 WARNING mlflow.utils.git_utils: Failed to import Git (the Git executable is probably not on your PATH), so Git SHA is not available. Error: Failed to initialize: Bad git executable.
The git executable must be specified in one of the following ways:
    - be included in your $PATH
    - be set via $GIT_PYTHON_GIT_EXECUTABLE
    - explicitly set via git.refresh(<full-path-to-git-executable>)

All git commands will error until this is rectified.

This initial message can be silenced or aggravated in the future by setting the
$GIT_PYTHON_REFRESH environment variable. Use one of the following values:
    - quiet|q|silence|s|silent|none|n|0: for no message or exception
    - warn|w|warning|log|l|1: for a warning message (logging level CRITICAL, displayed by default)
    - error|e|exception|raise|r|2: for a raised exception

Example:
    export GIT_PYTHON_REFRESH=quiet
[2024-10-13T23:52:50.129+0000] {logging_mixin.py:188} INFO - result2 random_forest
[2024-10-13T23:53:03.290+0000] {credentials.py:1147} INFO - Found credentials in environment variables.
[2024-10-13T23:53:21.382+0000] {connectionpool.py:331} WARNING - Connection pool is full, discarding connection: storage.yandexcloud.net. Connection pool size: 10
[2024-10-13T23:53:21.691+0000] {connectionpool.py:331} WARNING - Connection pool is full, discarding connection: storage.yandexcloud.net. Connection pool size: 10
[2024-10-13T23:53:21.953+0000] {connectionpool.py:331} WARNING - Connection pool is full, discarding connection: storage.yandexcloud.net. Connection pool size: 10
[2024-10-13T23:53:21.969+0000] {connectionpool.py:331} WARNING - Connection pool is full, discarding connection: storage.yandexcloud.net. Connection pool size: 10
[2024-10-13T23:53:22.039+0000] {connectionpool.py:331} WARNING - Connection pool is full, discarding connection: storage.yandexcloud.net. Connection pool size: 10
[2024-10-13T23:53:23.889+0000] {connectionpool.py:331} WARNING - Connection pool is full, discarding connection: storage.yandexcloud.net. Connection pool size: 10
[2024-10-13T23:53:33.042+0000] {connectionpool.py:331} WARNING - Connection pool is full, discarding connection: storage.yandexcloud.net. Connection pool size: 10
[2024-10-13T23:53:33.093+0000] {connectionpool.py:331} WARNING - Connection pool is full, discarding connection: storage.yandexcloud.net. Connection pool size: 10
[2024-10-13T23:53:33.327+0000] {connectionpool.py:331} WARNING - Connection pool is full, discarding connection: storage.yandexcloud.net. Connection pool size: 10
[2024-10-13T23:53:33.366+0000] {connectionpool.py:331} WARNING - Connection pool is full, discarding connection: storage.yandexcloud.net. Connection pool size: 10
[2024-10-13T23:53:33.427+0000] {connectionpool.py:331} WARNING - Connection pool is full, discarding connection: storage.yandexcloud.net. Connection pool size: 10
[2024-10-13T23:53:37.626+0000] {connectionpool.py:331} WARNING - Connection pool is full, discarding connection: storage.yandexcloud.net. Connection pool size: 10
[2024-10-13T23:53:38.742+0000] {font_manager.py:1584} INFO - generated new fontManager
[2024-10-13T23:53:39.307+0000] {logging_mixin.py:188} WARNING - 2024/10/13 23:53:39 INFO mlflow.models.evaluation.default_evaluator: Computing model predictions.
[2024-10-13T23:53:39.892+0000] {logging_mixin.py:188} WARNING - /home/***/.local/lib/python3.10/site-packages/sklearn/metrics/_regression.py:492 FutureWarning: 'squared' is deprecated in version 1.4 and will be removed in 1.6. To calculate the root mean squared error, use the function'root_mean_squared_error'.
[2024-10-13T23:53:39.898+0000] {logging_mixin.py:188} WARNING - 2024/10/13 23:53:39 INFO mlflow.models.evaluation.default_evaluator: Testing metrics on first row...
[2024-10-13T23:53:39.901+0000] {logging_mixin.py:188} WARNING - 2024/10/13 23:53:39 WARNING mlflow.models.evaluation.default_evaluator: SHAP or matplotlib package is not installed, so model explainability insights will not be logged.
[2024-10-13T23:54:05.305+0000] {logging_mixin.py:188} INFO - result3 random_forest
[2024-10-13T23:54:05.386+0000] {logging_mixin.py:188} WARNING - 2024/10/13 23:54:05 INFO mlflow.tracking._tracking_service.client: 🏃 View run random_forest_run at: http://mlflow-service:5000/#/experiments/589296618587154829/runs/2ed831764c684418a42bfc89c53a051b.
[2024-10-13T23:54:05.387+0000] {logging_mixin.py:188} WARNING - 2024/10/13 23:54:05 INFO mlflow.tracking._tracking_service.client: 🧪 View experiment at: http://mlflow-service:5000/#/experiments/589296618587154829.
[2024-10-13T23:54:05.459+0000] {logging_mixin.py:188} INFO - result2 linear_regression
[2024-10-13T23:54:07.948+0000] {logging_mixin.py:188} WARNING - /home/***/.local/lib/python3.10/site-packages/_distutils_hack/__init__.py:18 UserWarning: Distutils was imported before Setuptools, but importing Setuptools also replaces the `distutils` module in `sys.modules`. This may lead to undesirable behaviors or errors. To avoid these issues, avoid using distutils directly, ensure that setuptools is installed in the traditional way (e.g. not an editable install), and/or make sure that setuptools is always imported before distutils.
[2024-10-13T23:54:07.950+0000] {logging_mixin.py:188} WARNING - /home/***/.local/lib/python3.10/site-packages/_distutils_hack/__init__.py:33 UserWarning: Setuptools is replacing distutils.
[2024-10-13T23:54:11.542+0000] {logging_mixin.py:188} WARNING - 2024/10/13 23:54:11 INFO mlflow.models.evaluation.default_evaluator: Computing model predictions.
[2024-10-13T23:54:11.563+0000] {logging_mixin.py:188} WARNING - /home/***/.local/lib/python3.10/site-packages/sklearn/metrics/_regression.py:492 FutureWarning: 'squared' is deprecated in version 1.4 and will be removed in 1.6. To calculate the root mean squared error, use the function'root_mean_squared_error'.
[2024-10-13T23:54:11.566+0000] {logging_mixin.py:188} WARNING - 2024/10/13 23:54:11 INFO mlflow.models.evaluation.default_evaluator: Testing metrics on first row...
[2024-10-13T23:54:11.568+0000] {logging_mixin.py:188} WARNING - 2024/10/13 23:54:11 WARNING mlflow.models.evaluation.default_evaluator: SHAP or matplotlib package is not installed, so model explainability insights will not be logged.
[2024-10-13T23:54:11.892+0000] {logging_mixin.py:188} INFO - result3 linear_regression
[2024-10-13T23:54:11.914+0000] {logging_mixin.py:188} WARNING - 2024/10/13 23:54:11 INFO mlflow.tracking._tracking_service.client: 🏃 View run linear_regression_run at: http://mlflow-service:5000/#/experiments/589296618587154829/runs/c86f930789fd444eb56f6e94bad4ba71.
[2024-10-13T23:54:11.915+0000] {logging_mixin.py:188} WARNING - 2024/10/13 23:54:11 INFO mlflow.tracking._tracking_service.client: 🧪 View experiment at: http://mlflow-service:5000/#/experiments/589296618587154829.
[2024-10-13T23:54:12.192+0000] {logging_mixin.py:188} INFO - result2 decision_tree
[2024-10-13T23:54:14.390+0000] {logging_mixin.py:188} WARNING - /home/***/.local/lib/python3.10/site-packages/_distutils_hack/__init__.py:18 UserWarning: Distutils was imported before Setuptools, but importing Setuptools also replaces the `distutils` module in `sys.modules`. This may lead to undesirable behaviors or errors. To avoid these issues, avoid using distutils directly, ensure that setuptools is installed in the traditional way (e.g. not an editable install), and/or make sure that setuptools is always imported before distutils.
[2024-10-13T23:54:14.393+0000] {logging_mixin.py:188} WARNING - /home/***/.local/lib/python3.10/site-packages/_distutils_hack/__init__.py:33 UserWarning: Setuptools is replacing distutils.
[2024-10-13T23:54:19.436+0000] {logging_mixin.py:188} WARNING - 2024/10/13 23:54:19 INFO mlflow.models.evaluation.default_evaluator: Computing model predictions.
[2024-10-13T23:54:19.464+0000] {logging_mixin.py:188} WARNING - /home/***/.local/lib/python3.10/site-packages/sklearn/metrics/_regression.py:492 FutureWarning: 'squared' is deprecated in version 1.4 and will be removed in 1.6. To calculate the root mean squared error, use the function'root_mean_squared_error'.
[2024-10-13T23:54:19.471+0000] {logging_mixin.py:188} WARNING - 2024/10/13 23:54:19 INFO mlflow.models.evaluation.default_evaluator: Testing metrics on first row...
[2024-10-13T23:54:19.473+0000] {logging_mixin.py:188} WARNING - 2024/10/13 23:54:19 WARNING mlflow.models.evaluation.default_evaluator: SHAP or matplotlib package is not installed, so model explainability insights will not be logged.
[2024-10-13T23:54:20.166+0000] {logging_mixin.py:188} INFO - result3 decision_tree
[2024-10-13T23:54:20.231+0000] {logging_mixin.py:188} WARNING - 2024/10/13 23:54:20 INFO mlflow.tracking._tracking_service.client: 🏃 View run decision_tree_run at: http://mlflow-service:5000/#/experiments/589296618587154829/runs/b776fabb5aed4a2992b94403243fb474.
[2024-10-13T23:54:20.236+0000] {logging_mixin.py:188} WARNING - 2024/10/13 23:54:20 INFO mlflow.tracking._tracking_service.client: 🧪 View experiment at: http://mlflow-service:5000/#/experiments/589296618587154829.
[2024-10-13T23:54:20.273+0000] {logging_mixin.py:188} WARNING - 2024/10/13 23:54:20 INFO mlflow.tracking._tracking_service.client: 🏃 View run @GodSiemens at: http://mlflow-service:5000/#/experiments/589296618587154829/runs/91906f5ba78449509585813236895d41.
[2024-10-13T23:54:20.273+0000] {logging_mixin.py:188} WARNING - 2024/10/13 23:54:20 INFO mlflow.tracking._tracking_service.client: 🧪 View experiment at: http://mlflow-service:5000/#/experiments/589296618587154829.
[2024-10-13T23:54:20.306+0000] {python.py:237} INFO - Done. Returned value was: {'random_forest': {'start_time': 1728863547.253346, 'end_time': 1728863619.9824934, 'model_score': 0.9996322470663872}, 'linear_regression': {'start_time': 1728863547.253346, 'end_time': 1728863651.6657224, 'model_score': 0.8912486221145098}, 'decision_tree': {'start_time': 1728863547.253346, 'end_time': 1728863659.511684, 'model_score': 1.0}}
[2024-10-13T23:54:20.308+0000] {taskinstance.py:441} INFO - ::group::Post task execution logs
[2024-10-13T23:54:20.427+0000] {taskinstance.py:1206} INFO - Marking task as SUCCESS. dag_id=Nikita_Lapshin_experiment, task_id=train_and_log_model, run_id=manual__2024-10-13T23:52:02.748773+00:00, execution_date=20241013T235202, start_date=20241013T235225, end_date=20241013T235420
[2024-10-13T23:54:20.588+0000] {local_task_job_runner.py:243} INFO - Task exited with return code 0
[2024-10-13T23:54:20.663+0000] {taskinstance.py:3503} INFO - 1 downstream tasks scheduled from follow-on schedule check
[2024-10-13T23:54:20.664+0000] {local_task_job_runner.py:222} INFO - ::endgroup::
