[2024-10-24T20:46:10.961+0000] {local_task_job_runner.py:120} INFO - ::group::Pre task execution logs
[2024-10-24T20:46:10.988+0000] {taskinstance.py:2076} INFO - Dependencies all met for dep_context=non-requeueable deps ti=<TaskInstance: lapshin_nikita_linear_regression.save_results manual__2024-10-24T20:45:11.903795+00:00 [queued]>
[2024-10-24T20:46:11.009+0000] {taskinstance.py:2076} INFO - Dependencies all met for dep_context=requeueable deps ti=<TaskInstance: lapshin_nikita_linear_regression.save_results manual__2024-10-24T20:45:11.903795+00:00 [queued]>
[2024-10-24T20:46:11.011+0000] {taskinstance.py:2306} INFO - Starting attempt 1 of 4
[2024-10-24T20:46:11.066+0000] {taskinstance.py:2330} INFO - Executing <Task(PythonOperator): save_results> on 2024-10-24 20:45:11.903795+00:00
[2024-10-24T20:46:11.200+0000] {standard_task_runner.py:64} INFO - Started process 2127 to run task
[2024-10-24T20:46:11.270+0000] {standard_task_runner.py:90} INFO - Running: ['***', 'tasks', 'run', 'lapshin_nikita_linear_regression', 'save_results', 'manual__2024-10-24T20:45:11.903795+00:00', '--job-id', '191', '--raw', '--subdir', 'DAGS_FOLDER/HW2.py', '--cfg-path', '/tmp/tmpxsmefsmq']
[2024-10-24T20:46:11.296+0000] {standard_task_runner.py:91} INFO - Job 191: Subtask save_results
[2024-10-24T20:46:11.429+0000] {task_command.py:426} INFO - Running <TaskInstance: lapshin_nikita_linear_regression.save_results manual__2024-10-24T20:45:11.903795+00:00 [running]> on host 701639cb5e9f
[2024-10-24T20:46:11.562+0000] {taskinstance.py:2648} INFO - Exporting env vars: AIRFLOW_CTX_DAG_OWNER='Elizaveta Gavrilova' AIRFLOW_CTX_DAG_ID='lapshin_nikita_linear_regression' AIRFLOW_CTX_TASK_ID='save_results' AIRFLOW_CTX_EXECUTION_DATE='2024-10-24T20:45:11.903795+00:00' AIRFLOW_CTX_TRY_NUMBER='1' AIRFLOW_CTX_DAG_RUN_ID='manual__2024-10-24T20:45:11.903795+00:00'
[2024-10-24T20:46:11.565+0000] {taskinstance.py:430} INFO - ::endgroup::
[2024-10-24T20:46:11.616+0000] {base.py:84} INFO - Using connection ID 's3_connection' for task execution.
[2024-10-24T20:46:11.618+0000] {connection_wrapper.py:388} INFO - AWS Connection (conn_id='s3_connection', conn_type='aws') credentials retrieved from login and password.
[2024-10-24T20:46:13.527+0000] {logging_mixin.py:188} INFO - Results saved successfully!
[2024-10-24T20:46:13.584+0000] {python.py:237} INFO - Done. Returned value was: None
[2024-10-24T20:46:13.618+0000] {taskinstance.py:441} INFO - ::group::Post task execution logs
[2024-10-24T20:46:13.779+0000] {taskinstance.py:1206} INFO - Marking task as SUCCESS. dag_id=lapshin_nikita_linear_regression, task_id=save_results, run_id=manual__2024-10-24T20:45:11.903795+00:00, execution_date=20241024T204511, start_date=20241024T204610, end_date=20241024T204613
[2024-10-24T20:46:13.966+0000] {local_task_job_runner.py:243} INFO - Task exited with return code 0
[2024-10-24T20:46:14.215+0000] {taskinstance.py:3503} INFO - 0 downstream tasks scheduled from follow-on schedule check
[2024-10-24T20:46:14.219+0000] {local_task_job_runner.py:222} INFO - ::endgroup::
