[2024-10-13T23:23:31.112+0000] {local_task_job_runner.py:120} INFO - ::group::Pre task execution logs
[2024-10-13T23:23:31.143+0000] {taskinstance.py:2076} INFO - Dependencies all met for dep_context=non-requeueable deps ti=<TaskInstance: Nikita_Lapshin_experiment.get_data manual__2024-10-13T23:23:25.241644+00:00 [queued]>
[2024-10-13T23:23:31.156+0000] {taskinstance.py:2076} INFO - Dependencies all met for dep_context=requeueable deps ti=<TaskInstance: Nikita_Lapshin_experiment.get_data manual__2024-10-13T23:23:25.241644+00:00 [queued]>
[2024-10-13T23:23:31.157+0000] {taskinstance.py:2306} INFO - Starting attempt 1 of 4
[2024-10-13T23:23:31.167+0000] {taskinstance.py:2330} INFO - Executing <Task(PythonOperator): get_data> on 2024-10-13 23:23:25.241644+00:00
[2024-10-13T23:23:31.185+0000] {standard_task_runner.py:64} INFO - Started process 219 to run task
[2024-10-13T23:23:31.191+0000] {standard_task_runner.py:90} INFO - Running: ['***', 'tasks', 'run', 'Nikita_Lapshin_experiment', 'get_data', 'manual__2024-10-13T23:23:25.241644+00:00', '--job-id', '125', '--raw', '--subdir', 'DAGS_FOLDER/HW2.py', '--cfg-path', '/tmp/tmp47wn00pv']
[2024-10-13T23:23:31.195+0000] {standard_task_runner.py:91} INFO - Job 125: Subtask get_data
[2024-10-13T23:23:31.235+0000] {task_command.py:426} INFO - Running <TaskInstance: Nikita_Lapshin_experiment.get_data manual__2024-10-13T23:23:25.241644+00:00 [running]> on host e332dadfa0c1
[2024-10-13T23:23:31.346+0000] {taskinstance.py:2648} INFO - Exporting env vars: AIRFLOW_CTX_DAG_OWNER='Lapshin Nikita' AIRFLOW_CTX_DAG_ID='Nikita_Lapshin_experiment' AIRFLOW_CTX_TASK_ID='get_data' AIRFLOW_CTX_EXECUTION_DATE='2024-10-13T23:23:25.241644+00:00' AIRFLOW_CTX_TRY_NUMBER='1' AIRFLOW_CTX_DAG_RUN_ID='manual__2024-10-13T23:23:25.241644+00:00'
[2024-10-13T23:23:31.347+0000] {taskinstance.py:430} INFO - ::endgroup::
[2024-10-13T23:23:31.377+0000] {_california_housing.py:173} INFO - Downloading Cal. housing from https://ndownloader.figshare.com/files/5976036 to /home/***/scikit_learn_data
[2024-10-13T23:23:34.345+0000] {base.py:84} INFO - Using connection ID 's3_connection' for task execution.
[2024-10-13T23:23:34.347+0000] {connection_wrapper.py:388} INFO - AWS Connection (conn_id='s3_connection', conn_type='aws') credentials retrieved from login and password.
[2024-10-13T23:23:36.081+0000] {python.py:237} INFO - Done. Returned value was: {'start_time': 1728861811.3723526, 'end_time': 1728861814.0352986, 'size': 20640, 'features': ['MedInc', 'HouseAge', 'AveRooms', 'AveBedrms', 'Population', 'AveOccup', 'Latitude', 'Longitude']}
[2024-10-13T23:23:36.084+0000] {taskinstance.py:441} INFO - ::group::Post task execution logs
[2024-10-13T23:23:36.154+0000] {taskinstance.py:1206} INFO - Marking task as SUCCESS. dag_id=Nikita_Lapshin_experiment, task_id=get_data, run_id=manual__2024-10-13T23:23:25.241644+00:00, execution_date=20241013T232325, start_date=20241013T232331, end_date=20241013T232336
[2024-10-13T23:23:36.243+0000] {local_task_job_runner.py:243} INFO - Task exited with return code 0
[2024-10-13T23:23:36.282+0000] {taskinstance.py:3503} INFO - 1 downstream tasks scheduled from follow-on schedule check
[2024-10-13T23:23:36.284+0000] {local_task_job_runner.py:222} INFO - ::endgroup::
