[2024-10-24T18:06:00.818+0000] {local_task_job_runner.py:120} INFO - ::group::Pre task execution logs
[2024-10-24T18:06:00.881+0000] {taskinstance.py:2076} INFO - Dependencies all met for dep_context=non-requeueable deps ti=<TaskInstance: Nikita_Lapshin_experiment.get_data scheduled__2024-10-23T01:00:00+00:00 [queued]>
[2024-10-24T18:06:00.909+0000] {taskinstance.py:2076} INFO - Dependencies all met for dep_context=requeueable deps ti=<TaskInstance: Nikita_Lapshin_experiment.get_data scheduled__2024-10-23T01:00:00+00:00 [queued]>
[2024-10-24T18:06:00.911+0000] {taskinstance.py:2306} INFO - Starting attempt 1 of 4
[2024-10-24T18:06:00.942+0000] {taskinstance.py:2330} INFO - Executing <Task(PythonOperator): get_data> on 2024-10-23 01:00:00+00:00
[2024-10-24T18:06:01.003+0000] {standard_task_runner.py:64} INFO - Started process 226 to run task
[2024-10-24T18:06:01.041+0000] {standard_task_runner.py:90} INFO - Running: ['***', 'tasks', 'run', 'Nikita_Lapshin_experiment', 'get_data', 'scheduled__2024-10-23T01:00:00+00:00', '--job-id', '158', '--raw', '--subdir', 'DAGS_FOLDER/HW2.py', '--cfg-path', '/tmp/tmpre0khneq']
[2024-10-24T18:06:01.065+0000] {standard_task_runner.py:91} INFO - Job 158: Subtask get_data
[2024-10-24T18:06:01.389+0000] {task_command.py:426} INFO - Running <TaskInstance: Nikita_Lapshin_experiment.get_data scheduled__2024-10-23T01:00:00+00:00 [running]> on host 701639cb5e9f
[2024-10-24T18:06:01.743+0000] {taskinstance.py:2648} INFO - Exporting env vars: AIRFLOW_CTX_DAG_OWNER='Lapshin Nikita' AIRFLOW_CTX_DAG_ID='Nikita_Lapshin_experiment' AIRFLOW_CTX_TASK_ID='get_data' AIRFLOW_CTX_EXECUTION_DATE='2024-10-23T01:00:00+00:00' AIRFLOW_CTX_TRY_NUMBER='1' AIRFLOW_CTX_DAG_RUN_ID='scheduled__2024-10-23T01:00:00+00:00'
[2024-10-24T18:06:01.746+0000] {taskinstance.py:430} INFO - ::endgroup::
[2024-10-24T18:06:01.787+0000] {_california_housing.py:173} INFO - Downloading Cal. housing from https://ndownloader.figshare.com/files/5976036 to /home/***/scikit_learn_data
[2024-10-24T18:06:03.960+0000] {base.py:84} INFO - Using connection ID 's3_connection' for task execution.
[2024-10-24T18:06:03.962+0000] {connection_wrapper.py:388} INFO - AWS Connection (conn_id='s3_connection', conn_type='aws') credentials retrieved from login and password.
[2024-10-24T18:06:41.263+0000] {python.py:237} INFO - Done. Returned value was: {'start_time': 1729793161.7799406, 'end_time': 1729793163.6355045, 'size': 20640, 'features': ['MedInc', 'HouseAge', 'AveRooms', 'AveBedrms', 'Population', 'AveOccup', 'Latitude', 'Longitude']}
[2024-10-24T18:06:41.268+0000] {taskinstance.py:441} INFO - ::group::Post task execution logs
[2024-10-24T18:06:41.344+0000] {taskinstance.py:1206} INFO - Marking task as SUCCESS. dag_id=Nikita_Lapshin_experiment, task_id=get_data, run_id=scheduled__2024-10-23T01:00:00+00:00, execution_date=20241023T010000, start_date=20241024T180600, end_date=20241024T180641
[2024-10-24T18:06:41.389+0000] {local_task_job_runner.py:243} INFO - Task exited with return code 0
[2024-10-24T18:06:41.455+0000] {taskinstance.py:3503} INFO - 1 downstream tasks scheduled from follow-on schedule check
[2024-10-24T18:06:41.457+0000] {local_task_job_runner.py:222} INFO - ::endgroup::
