[2024-10-24T20:53:24.148+0000] {local_task_job_runner.py:120} INFO - ::group::Pre task execution logs
[2024-10-24T20:53:24.186+0000] {taskinstance.py:2076} INFO - Dependencies all met for dep_context=non-requeueable deps ti=<TaskInstance: lapshin_nikita_linear_regression.save_results manual__2024-10-24T20:49:41.266972+00:00 [queued]>
[2024-10-24T20:53:24.210+0000] {taskinstance.py:2076} INFO - Dependencies all met for dep_context=requeueable deps ti=<TaskInstance: lapshin_nikita_linear_regression.save_results manual__2024-10-24T20:49:41.266972+00:00 [queued]>
[2024-10-24T20:53:24.214+0000] {taskinstance.py:2306} INFO - Starting attempt 2 of 4
[2024-10-24T20:53:24.247+0000] {taskinstance.py:2330} INFO - Executing <Task(PythonOperator): save_results> on 2024-10-24 20:49:41.266972+00:00
[2024-10-24T20:53:24.331+0000] {standard_task_runner.py:64} INFO - Started process 2843 to run task
[2024-10-24T20:53:24.343+0000] {standard_task_runner.py:90} INFO - Running: ['***', 'tasks', 'run', 'lapshin_nikita_linear_regression', 'save_results', 'manual__2024-10-24T20:49:41.266972+00:00', '--job-id', '207', '--raw', '--subdir', 'DAGS_FOLDER/HW2.py', '--cfg-path', '/tmp/tmpn8w96_50']
[2024-10-24T20:53:24.354+0000] {standard_task_runner.py:91} INFO - Job 207: Subtask save_results
[2024-10-24T20:53:24.724+0000] {task_command.py:426} INFO - Running <TaskInstance: lapshin_nikita_linear_regression.save_results manual__2024-10-24T20:49:41.266972+00:00 [running]> on host 701639cb5e9f
[2024-10-24T20:53:25.257+0000] {taskinstance.py:2648} INFO - Exporting env vars: AIRFLOW_CTX_DAG_OWNER='Nikita Lapshin' AIRFLOW_CTX_DAG_ID='lapshin_nikita_linear_regression' AIRFLOW_CTX_TASK_ID='save_results' AIRFLOW_CTX_EXECUTION_DATE='2024-10-24T20:49:41.266972+00:00' AIRFLOW_CTX_TRY_NUMBER='2' AIRFLOW_CTX_DAG_RUN_ID='manual__2024-10-24T20:49:41.266972+00:00'
[2024-10-24T20:53:25.271+0000] {taskinstance.py:430} INFO - ::endgroup::
[2024-10-24T20:53:25.511+0000] {base.py:84} INFO - Using connection ID 's3_connection' for task execution.
[2024-10-24T20:53:25.518+0000] {connection_wrapper.py:388} INFO - AWS Connection (conn_id='s3_connection', conn_type='aws') credentials retrieved from login and password.
[2024-10-24T20:53:29.703+0000] {logging_mixin.py:188} INFO - Results saved successfully!
[2024-10-24T20:53:29.727+0000] {python.py:237} INFO - Done. Returned value was: None
[2024-10-24T20:53:29.731+0000] {taskinstance.py:441} INFO - ::group::Post task execution logs
[2024-10-24T20:53:29.824+0000] {taskinstance.py:1206} INFO - Marking task as SUCCESS. dag_id=lapshin_nikita_linear_regression, task_id=save_results, run_id=manual__2024-10-24T20:49:41.266972+00:00, execution_date=20241024T204941, start_date=20241024T205324, end_date=20241024T205329
[2024-10-24T20:53:29.978+0000] {local_task_job_runner.py:243} INFO - Task exited with return code 0
[2024-10-24T20:53:30.016+0000] {taskinstance.py:3503} INFO - 0 downstream tasks scheduled from follow-on schedule check
[2024-10-24T20:53:30.018+0000] {local_task_job_runner.py:222} INFO - ::endgroup::
