[2024-10-24T20:47:38.471+0000] {local_task_job_runner.py:120} INFO - ::group::Pre task execution logs
[2024-10-24T20:47:38.498+0000] {taskinstance.py:2076} INFO - Dependencies all met for dep_context=non-requeueable deps ti=<TaskInstance: lapshin_nikita_linear_regression.train_model manual__2024-10-24T20:46:54.791121+00:00 [queued]>
[2024-10-24T20:47:38.510+0000] {taskinstance.py:2076} INFO - Dependencies all met for dep_context=requeueable deps ti=<TaskInstance: lapshin_nikita_linear_regression.train_model manual__2024-10-24T20:46:54.791121+00:00 [queued]>
[2024-10-24T20:47:38.511+0000] {taskinstance.py:2306} INFO - Starting attempt 1 of 4
[2024-10-24T20:47:38.526+0000] {taskinstance.py:2330} INFO - Executing <Task(PythonOperator): train_model> on 2024-10-24 20:46:54.791121+00:00
[2024-10-24T20:47:38.611+0000] {standard_task_runner.py:64} INFO - Started process 2361 to run task
[2024-10-24T20:47:38.643+0000] {standard_task_runner.py:90} INFO - Running: ['***', 'tasks', 'run', 'lapshin_nikita_linear_regression', 'train_model', 'manual__2024-10-24T20:46:54.791121+00:00', '--job-id', '196', '--raw', '--subdir', 'DAGS_FOLDER/HW2.py', '--cfg-path', '/tmp/tmpz70nnhst']
[2024-10-24T20:47:38.656+0000] {standard_task_runner.py:91} INFO - Job 196: Subtask train_model
[2024-10-24T20:47:38.813+0000] {task_command.py:426} INFO - Running <TaskInstance: lapshin_nikita_linear_regression.train_model manual__2024-10-24T20:46:54.791121+00:00 [running]> on host 701639cb5e9f
[2024-10-24T20:47:39.059+0000] {taskinstance.py:2648} INFO - Exporting env vars: AIRFLOW_CTX_DAG_OWNER='Elizaveta Gavrilova' AIRFLOW_CTX_DAG_ID='lapshin_nikita_linear_regression' AIRFLOW_CTX_TASK_ID='train_model' AIRFLOW_CTX_EXECUTION_DATE='2024-10-24T20:46:54.791121+00:00' AIRFLOW_CTX_TRY_NUMBER='1' AIRFLOW_CTX_DAG_RUN_ID='manual__2024-10-24T20:46:54.791121+00:00'
[2024-10-24T20:47:39.064+0000] {taskinstance.py:430} INFO - ::endgroup::
[2024-10-24T20:47:39.152+0000] {s3.py:1422} INFO - Downloading source S3 file from Bucket mlops-3 with path datasets/prepared_data.csv
[2024-10-24T20:47:39.165+0000] {base.py:84} INFO - Using connection ID 's3_connection' for task execution.
[2024-10-24T20:47:39.166+0000] {connection_wrapper.py:388} INFO - AWS Connection (conn_id='s3_connection', conn_type='aws') credentials retrieved from login and password.
[2024-10-24T20:47:45.180+0000] {logging_mixin.py:188} WARNING - 2024/10/24 20:47:45 WARNING mlflow.utils.git_utils: Failed to import Git (the Git executable is probably not on your PATH), so Git SHA is not available. Error: Failed to initialize: Bad git executable.
The git executable must be specified in one of the following ways:
    - be included in your $PATH
    - be set via $GIT_PYTHON_GIT_EXECUTABLE
    - explicitly set via git.refresh(<full-path-to-git-executable>)

All git commands will error until this is rectified.

This initial message can be silenced or aggravated in the future by setting the
$GIT_PYTHON_REFRESH environment variable. Use one of the following values:
    - quiet|q|silence|s|silent|none|n|0: for no message or exception
    - warn|w|warning|log|l|1: for a warning message (logging level CRITICAL, displayed by default)
    - error|e|exception|raise|r|2: for a raised exception

Example:
    export GIT_PYTHON_REFRESH=quiet
[2024-10-24T20:47:53.848+0000] {credentials.py:1147} INFO - Found credentials in environment variables.
[2024-10-24T20:47:56.284+0000] {configprovider.py:957} INFO - Found endpoint for s3 via: environment_global.
[2024-10-24T20:48:09.676+0000] {logging_mixin.py:188} WARNING - 2024/10/24 20:48:09 INFO mlflow.models.evaluation.default_evaluator: Computing model predictions.
[2024-10-24T20:48:09.729+0000] {logging_mixin.py:188} WARNING - /home/***/.local/lib/python3.10/site-packages/sklearn/metrics/_regression.py:492 FutureWarning: 'squared' is deprecated in version 1.4 and will be removed in 1.6. To calculate the root mean squared error, use the function'root_mean_squared_error'.
[2024-10-24T20:48:09.735+0000] {logging_mixin.py:188} WARNING - 2024/10/24 20:48:09 INFO mlflow.models.evaluation.default_evaluator: Testing metrics on first row...
[2024-10-24T20:48:09.737+0000] {logging_mixin.py:188} WARNING - 2024/10/24 20:48:09 WARNING mlflow.models.evaluation.default_evaluator: SHAP or matplotlib package is not installed, so model explainability insights will not be logged.
[2024-10-24T20:48:13.042+0000] {logging_mixin.py:188} WARNING - 2024/10/24 20:48:13 INFO mlflow.tracking._tracking_service.client: 🏃 View run linear_regression_run at: http://mlflow-service:5000/#/experiments/405041356203365926/runs/c8de33cfee7c4ab6857ac09399eac2b5.
[2024-10-24T20:48:13.044+0000] {logging_mixin.py:188} WARNING - 2024/10/24 20:48:13 INFO mlflow.tracking._tracking_service.client: 🧪 View experiment at: http://mlflow-service:5000/#/experiments/405041356203365926.
[2024-10-24T20:48:13.151+0000] {python.py:237} INFO - Done. Returned value was: {'model_score': 0.8912486221145098}
[2024-10-24T20:48:13.172+0000] {taskinstance.py:441} INFO - ::group::Post task execution logs
[2024-10-24T20:48:13.336+0000] {taskinstance.py:1206} INFO - Marking task as SUCCESS. dag_id=lapshin_nikita_linear_regression, task_id=train_model, run_id=manual__2024-10-24T20:46:54.791121+00:00, execution_date=20241024T204654, start_date=20241024T204738, end_date=20241024T204813
[2024-10-24T20:48:13.542+0000] {local_task_job_runner.py:243} INFO - Task exited with return code 0
[2024-10-24T20:48:13.775+0000] {taskinstance.py:3503} INFO - 0 downstream tasks scheduled from follow-on schedule check
[2024-10-24T20:48:13.779+0000] {local_task_job_runner.py:222} INFO - ::endgroup::
