[2024-10-12T17:03:49.049+0000] {local_task_job_runner.py:120} INFO - ::group::Pre task execution logs
[2024-10-12T17:03:49.060+0000] {taskinstance.py:2076} INFO - Dependencies all met for dep_context=non-requeueable deps ti=<TaskInstance: Nikita_Lapshin_experiment.prepare_data scheduled__2024-10-11T01:00:00+00:00 [queued]>
[2024-10-12T17:03:49.066+0000] {taskinstance.py:2076} INFO - Dependencies all met for dep_context=requeueable deps ti=<TaskInstance: Nikita_Lapshin_experiment.prepare_data scheduled__2024-10-11T01:00:00+00:00 [queued]>
[2024-10-12T17:03:49.066+0000] {taskinstance.py:2306} INFO - Starting attempt 1 of 4
[2024-10-12T17:03:49.074+0000] {taskinstance.py:2330} INFO - Executing <Task(PythonOperator): prepare_data> on 2024-10-11 01:00:00+00:00
[2024-10-12T17:03:49.092+0000] {standard_task_runner.py:64} INFO - Started process 343 to run task
[2024-10-12T17:03:49.102+0000] {standard_task_runner.py:90} INFO - Running: ['***', 'tasks', 'run', 'Nikita_Lapshin_experiment', 'prepare_data', 'scheduled__2024-10-11T01:00:00+00:00', '--job-id', '21', '--raw', '--subdir', 'DAGS_FOLDER/HW2.py', '--cfg-path', '/tmp/tmpg5i_7ryk']
[2024-10-12T17:03:49.106+0000] {standard_task_runner.py:91} INFO - Job 21: Subtask prepare_data
[2024-10-12T17:03:49.154+0000] {task_command.py:426} INFO - Running <TaskInstance: Nikita_Lapshin_experiment.prepare_data scheduled__2024-10-11T01:00:00+00:00 [running]> on host 8027b3e99bd6
[2024-10-12T17:03:49.235+0000] {taskinstance.py:2648} INFO - Exporting env vars: AIRFLOW_CTX_DAG_OWNER='Lapshin Nikita' AIRFLOW_CTX_DAG_ID='Nikita_Lapshin_experiment' AIRFLOW_CTX_TASK_ID='prepare_data' AIRFLOW_CTX_EXECUTION_DATE='2024-10-11T01:00:00+00:00' AIRFLOW_CTX_TRY_NUMBER='1' AIRFLOW_CTX_DAG_RUN_ID='scheduled__2024-10-11T01:00:00+00:00'
[2024-10-12T17:03:49.236+0000] {taskinstance.py:430} INFO - ::endgroup::
[2024-10-12T17:03:49.253+0000] {s3.py:1422} INFO - Downloading source S3 file from Bucket mlops-2 with path datasets/california_housing.csv
[2024-10-12T17:03:49.260+0000] {base.py:84} INFO - Using connection ID 's3_connection' for task execution.
[2024-10-12T17:03:49.261+0000] {connection_wrapper.py:388} INFO - AWS Connection (conn_id='s3_connection', conn_type='aws') credentials retrieved from login and password.
[2024-10-12T17:03:54.321+0000] {python.py:237} INFO - Done. Returned value was: {'start_time': 1728752630.7790256, 'end_time': 1728752630.8208086, 'features': ['Unnamed: 0', 'MedInc', 'HouseAge', 'AveRooms', 'AveBedrms', 'Population', 'AveOccup', 'Latitude']}
[2024-10-12T17:03:54.342+0000] {taskinstance.py:441} INFO - ::group::Post task execution logs
[2024-10-12T17:03:54.402+0000] {taskinstance.py:1206} INFO - Marking task as SUCCESS. dag_id=Nikita_Lapshin_experiment, task_id=prepare_data, run_id=scheduled__2024-10-11T01:00:00+00:00, execution_date=20241011T010000, start_date=20241012T170349, end_date=20241012T170354
[2024-10-12T17:03:54.472+0000] {local_task_job_runner.py:243} INFO - Task exited with return code 0
[2024-10-12T17:03:54.527+0000] {taskinstance.py:3503} INFO - 1 downstream tasks scheduled from follow-on schedule check
[2024-10-12T17:03:54.528+0000] {local_task_job_runner.py:222} INFO - ::endgroup::
