[2024-10-24T20:53:24.149+0000] {local_task_job_runner.py:120} INFO - ::group::Pre task execution logs
[2024-10-24T20:53:24.187+0000] {taskinstance.py:2076} INFO - Dependencies all met for dep_context=non-requeueable deps ti=<TaskInstance: lapshin_nikita_desicion_tree.train_model scheduled__2024-10-23T01:00:00+00:00 [queued]>
[2024-10-24T20:53:24.209+0000] {taskinstance.py:2076} INFO - Dependencies all met for dep_context=requeueable deps ti=<TaskInstance: lapshin_nikita_desicion_tree.train_model scheduled__2024-10-23T01:00:00+00:00 [queued]>
[2024-10-24T20:53:24.214+0000] {taskinstance.py:2306} INFO - Starting attempt 2 of 4
[2024-10-24T20:53:24.248+0000] {taskinstance.py:2330} INFO - Executing <Task(PythonOperator): train_model> on 2024-10-23 01:00:00+00:00
[2024-10-24T20:53:24.331+0000] {standard_task_runner.py:64} INFO - Started process 2844 to run task
[2024-10-24T20:53:24.363+0000] {standard_task_runner.py:90} INFO - Running: ['***', 'tasks', 'run', 'lapshin_nikita_desicion_tree', 'train_model', 'scheduled__2024-10-23T01:00:00+00:00', '--job-id', '208', '--raw', '--subdir', 'DAGS_FOLDER/HW2.py', '--cfg-path', '/tmp/tmpsd5441xy']
[2024-10-24T20:53:24.402+0000] {standard_task_runner.py:91} INFO - Job 208: Subtask train_model
[2024-10-24T20:53:25.152+0000] {task_command.py:426} INFO - Running <TaskInstance: lapshin_nikita_desicion_tree.train_model scheduled__2024-10-23T01:00:00+00:00 [running]> on host 701639cb5e9f
[2024-10-24T20:53:25.635+0000] {taskinstance.py:2648} INFO - Exporting env vars: AIRFLOW_CTX_DAG_OWNER='Nikita Lapshin' AIRFLOW_CTX_DAG_ID='lapshin_nikita_desicion_tree' AIRFLOW_CTX_TASK_ID='train_model' AIRFLOW_CTX_EXECUTION_DATE='2024-10-23T01:00:00+00:00' AIRFLOW_CTX_TRY_NUMBER='2' AIRFLOW_CTX_DAG_RUN_ID='scheduled__2024-10-23T01:00:00+00:00'
[2024-10-24T20:53:25.647+0000] {taskinstance.py:430} INFO - ::endgroup::
[2024-10-24T20:53:25.807+0000] {s3.py:1422} INFO - Downloading source S3 file from Bucket mlops-3 with path datasets/prepared_data.csv
[2024-10-24T20:53:25.838+0000] {base.py:84} INFO - Using connection ID 's3_connection' for task execution.
[2024-10-24T20:53:25.840+0000] {connection_wrapper.py:388} INFO - AWS Connection (conn_id='s3_connection', conn_type='aws') credentials retrieved from login and password.
[2024-10-24T20:53:34.061+0000] {logging_mixin.py:188} WARNING - 2024/10/24 20:53:34 WARNING mlflow.utils.git_utils: Failed to import Git (the Git executable is probably not on your PATH), so Git SHA is not available. Error: Failed to initialize: Bad git executable.
The git executable must be specified in one of the following ways:
    - be included in your $PATH
    - be set via $GIT_PYTHON_GIT_EXECUTABLE
    - explicitly set via git.refresh(<full-path-to-git-executable>)

All git commands will error until this is rectified.

This initial message can be silenced or aggravated in the future by setting the
$GIT_PYTHON_REFRESH environment variable. Use one of the following values:
    - quiet|q|silence|s|silent|none|n|0: for no message or exception
    - warn|w|warning|log|l|1: for a warning message (logging level CRITICAL, displayed by default)
    - error|e|exception|raise|r|2: for a raised exception

Example:
    export GIT_PYTHON_REFRESH=quiet
[2024-10-24T20:53:53.079+0000] {credentials.py:1147} INFO - Found credentials in environment variables.
[2024-10-24T20:54:03.877+0000] {configprovider.py:957} INFO - Found endpoint for s3 via: environment_global.
[2024-10-24T20:54:55.700+0000] {logging_mixin.py:188} WARNING - 2024/10/24 20:54:55 INFO mlflow.models.evaluation.default_evaluator: Computing model predictions.
[2024-10-24T20:54:55.771+0000] {logging_mixin.py:188} WARNING - /home/***/.local/lib/python3.10/site-packages/sklearn/metrics/_regression.py:492 FutureWarning: 'squared' is deprecated in version 1.4 and will be removed in 1.6. To calculate the root mean squared error, use the function'root_mean_squared_error'.
[2024-10-24T20:54:55.787+0000] {logging_mixin.py:188} WARNING - 2024/10/24 20:54:55 INFO mlflow.models.evaluation.default_evaluator: Testing metrics on first row...
[2024-10-24T20:54:55.791+0000] {logging_mixin.py:188} WARNING - 2024/10/24 20:54:55 WARNING mlflow.models.evaluation.default_evaluator: SHAP or matplotlib package is not installed, so model explainability insights will not be logged.
[2024-10-24T20:55:02.226+0000] {logging_mixin.py:188} WARNING - 2024/10/24 20:55:02 INFO mlflow.tracking._tracking_service.client: 🏃 View run desicion_tree_run at: http://mlflow-service:5000/#/experiments/574506882779760145/runs/20007d9e768647d895381b7298b00ea3.
[2024-10-24T20:55:02.231+0000] {logging_mixin.py:188} WARNING - 2024/10/24 20:55:02 INFO mlflow.tracking._tracking_service.client: 🧪 View experiment at: http://mlflow-service:5000/#/experiments/574506882779760145.
[2024-10-24T20:55:02.336+0000] {python.py:237} INFO - Done. Returned value was: {'model_score': 1.0}
[2024-10-24T20:55:02.338+0000] {taskinstance.py:441} INFO - ::group::Post task execution logs
[2024-10-24T20:55:02.532+0000] {taskinstance.py:1206} INFO - Marking task as SUCCESS. dag_id=lapshin_nikita_desicion_tree, task_id=train_model, run_id=scheduled__2024-10-23T01:00:00+00:00, execution_date=20241023T010000, start_date=20241024T205324, end_date=20241024T205502
[2024-10-24T20:55:02.717+0000] {local_task_job_runner.py:243} INFO - Task exited with return code 0
[2024-10-24T20:55:02.996+0000] {taskinstance.py:3503} INFO - 0 downstream tasks scheduled from follow-on schedule check
[2024-10-24T20:55:03.000+0000] {local_task_job_runner.py:222} INFO - ::endgroup::
