[2024-10-12T18:19:15.709+0000] {local_task_job_runner.py:120} INFO - ::group::Pre task execution logs
[2024-10-12T18:19:15.738+0000] {taskinstance.py:2076} INFO - Dependencies all met for dep_context=non-requeueable deps ti=<TaskInstance: Nikita_Lapshin_experiment.get_data manual__2024-10-12T18:19:09.616001+00:00 [queued]>
[2024-10-12T18:19:15.747+0000] {taskinstance.py:2076} INFO - Dependencies all met for dep_context=requeueable deps ti=<TaskInstance: Nikita_Lapshin_experiment.get_data manual__2024-10-12T18:19:09.616001+00:00 [queued]>
[2024-10-12T18:19:15.748+0000] {taskinstance.py:2306} INFO - Starting attempt 1 of 4
[2024-10-12T18:19:15.759+0000] {taskinstance.py:2330} INFO - Executing <Task(PythonOperator): get_data> on 2024-10-12 18:19:09.616001+00:00
[2024-10-12T18:19:15.786+0000] {standard_task_runner.py:64} INFO - Started process 236 to run task
[2024-10-12T18:19:15.792+0000] {standard_task_runner.py:90} INFO - Running: ['***', 'tasks', 'run', 'Nikita_Lapshin_experiment', 'get_data', 'manual__2024-10-12T18:19:09.616001+00:00', '--job-id', '95', '--raw', '--subdir', 'DAGS_FOLDER/HW2.py', '--cfg-path', '/tmp/tmpywehoioa']
[2024-10-12T18:19:15.796+0000] {standard_task_runner.py:91} INFO - Job 95: Subtask get_data
[2024-10-12T18:19:15.862+0000] {task_command.py:426} INFO - Running <TaskInstance: Nikita_Lapshin_experiment.get_data manual__2024-10-12T18:19:09.616001+00:00 [running]> on host bfabb847763f
[2024-10-12T18:19:15.951+0000] {taskinstance.py:2648} INFO - Exporting env vars: AIRFLOW_CTX_DAG_OWNER='Lapshin Nikita' AIRFLOW_CTX_DAG_ID='Nikita_Lapshin_experiment' AIRFLOW_CTX_TASK_ID='get_data' AIRFLOW_CTX_EXECUTION_DATE='2024-10-12T18:19:09.616001+00:00' AIRFLOW_CTX_TRY_NUMBER='1' AIRFLOW_CTX_DAG_RUN_ID='manual__2024-10-12T18:19:09.616001+00:00'
[2024-10-12T18:19:15.955+0000] {taskinstance.py:430} INFO - ::endgroup::
[2024-10-12T18:19:15.977+0000] {_california_housing.py:173} INFO - Downloading Cal. housing from https://ndownloader.figshare.com/files/5976036 to /home/***/scikit_learn_data
[2024-10-12T18:19:17.838+0000] {base.py:84} INFO - Using connection ID 's3_connection' for task execution.
[2024-10-12T18:19:17.841+0000] {connection_wrapper.py:388} INFO - AWS Connection (conn_id='s3_connection', conn_type='aws') credentials retrieved from login and password.
[2024-10-12T18:19:18.907+0000] {python.py:237} INFO - Done. Returned value was: {'start_time': 1728757155.974695, 'end_time': 1728757157.5608013, 'size': 20640, 'features': ['MedInc', 'HouseAge', 'AveRooms', 'AveBedrms', 'Population', 'AveOccup', 'Latitude', 'Longitude']}
[2024-10-12T18:19:18.911+0000] {taskinstance.py:441} INFO - ::group::Post task execution logs
[2024-10-12T18:19:19.038+0000] {taskinstance.py:1206} INFO - Marking task as SUCCESS. dag_id=Nikita_Lapshin_experiment, task_id=get_data, run_id=manual__2024-10-12T18:19:09.616001+00:00, execution_date=20241012T181909, start_date=20241012T181915, end_date=20241012T181919
[2024-10-12T18:19:19.131+0000] {local_task_job_runner.py:243} INFO - Task exited with return code 0
[2024-10-12T18:19:19.205+0000] {taskinstance.py:3503} INFO - 0 downstream tasks scheduled from follow-on schedule check
[2024-10-12T18:19:19.208+0000] {local_task_job_runner.py:222} INFO - ::endgroup::
