[2024-10-13T23:52:10.134+0000] {local_task_job_runner.py:120} INFO - ::group::Pre task execution logs
[2024-10-13T23:52:10.156+0000] {taskinstance.py:2076} INFO - Dependencies all met for dep_context=non-requeueable deps ti=<TaskInstance: Nikita_Lapshin_experiment.get_data manual__2024-10-13T23:52:02.748773+00:00 [queued]>
[2024-10-13T23:52:10.162+0000] {taskinstance.py:2076} INFO - Dependencies all met for dep_context=requeueable deps ti=<TaskInstance: Nikita_Lapshin_experiment.get_data manual__2024-10-13T23:52:02.748773+00:00 [queued]>
[2024-10-13T23:52:10.162+0000] {taskinstance.py:2306} INFO - Starting attempt 1 of 4
[2024-10-13T23:52:10.173+0000] {taskinstance.py:2330} INFO - Executing <Task(PythonOperator): get_data> on 2024-10-13 23:52:02.748773+00:00
[2024-10-13T23:52:10.190+0000] {standard_task_runner.py:64} INFO - Started process 225 to run task
[2024-10-13T23:52:10.193+0000] {standard_task_runner.py:90} INFO - Running: ['***', 'tasks', 'run', 'Nikita_Lapshin_experiment', 'get_data', 'manual__2024-10-13T23:52:02.748773+00:00', '--job-id', '152', '--raw', '--subdir', 'DAGS_FOLDER/HW2.py', '--cfg-path', '/tmp/tmp5b60j6uc']
[2024-10-13T23:52:10.196+0000] {standard_task_runner.py:91} INFO - Job 152: Subtask get_data
[2024-10-13T23:52:10.259+0000] {task_command.py:426} INFO - Running <TaskInstance: Nikita_Lapshin_experiment.get_data manual__2024-10-13T23:52:02.748773+00:00 [running]> on host 43effb7ea5a5
[2024-10-13T23:52:10.368+0000] {taskinstance.py:2648} INFO - Exporting env vars: AIRFLOW_CTX_DAG_OWNER='Lapshin Nikita' AIRFLOW_CTX_DAG_ID='Nikita_Lapshin_experiment' AIRFLOW_CTX_TASK_ID='get_data' AIRFLOW_CTX_EXECUTION_DATE='2024-10-13T23:52:02.748773+00:00' AIRFLOW_CTX_TRY_NUMBER='1' AIRFLOW_CTX_DAG_RUN_ID='manual__2024-10-13T23:52:02.748773+00:00'
[2024-10-13T23:52:10.369+0000] {taskinstance.py:430} INFO - ::endgroup::
[2024-10-13T23:52:10.387+0000] {_california_housing.py:173} INFO - Downloading Cal. housing from https://ndownloader.figshare.com/files/5976036 to /home/***/scikit_learn_data
[2024-10-13T23:52:11.929+0000] {base.py:84} INFO - Using connection ID 's3_connection' for task execution.
[2024-10-13T23:52:11.934+0000] {connection_wrapper.py:388} INFO - AWS Connection (conn_id='s3_connection', conn_type='aws') credentials retrieved from login and password.
[2024-10-13T23:52:13.536+0000] {python.py:237} INFO - Done. Returned value was: {'start_time': 1728863530.3857539, 'end_time': 1728863531.7028148, 'size': 20640, 'features': ['MedInc', 'HouseAge', 'AveRooms', 'AveBedrms', 'Population', 'AveOccup', 'Latitude', 'Longitude']}
[2024-10-13T23:52:13.575+0000] {taskinstance.py:441} INFO - ::group::Post task execution logs
[2024-10-13T23:52:13.693+0000] {taskinstance.py:1206} INFO - Marking task as SUCCESS. dag_id=Nikita_Lapshin_experiment, task_id=get_data, run_id=manual__2024-10-13T23:52:02.748773+00:00, execution_date=20241013T235202, start_date=20241013T235210, end_date=20241013T235213
[2024-10-13T23:52:13.791+0000] {local_task_job_runner.py:243} INFO - Task exited with return code 0
[2024-10-13T23:52:13.915+0000] {taskinstance.py:3503} INFO - 1 downstream tasks scheduled from follow-on schedule check
[2024-10-13T23:52:13.917+0000] {local_task_job_runner.py:222} INFO - ::endgroup::
