[2024-10-12T17:27:53.446+0000] {local_task_job_runner.py:120} INFO - ::group::Pre task execution logs
[2024-10-12T17:27:53.465+0000] {taskinstance.py:2076} INFO - Dependencies all met for dep_context=non-requeueable deps ti=<TaskInstance: Nikita_Lapshin_experiment.prepare_data manual__2024-10-12T17:27:40.217110+00:00 [queued]>
[2024-10-12T17:27:53.475+0000] {taskinstance.py:2076} INFO - Dependencies all met for dep_context=requeueable deps ti=<TaskInstance: Nikita_Lapshin_experiment.prepare_data manual__2024-10-12T17:27:40.217110+00:00 [queued]>
[2024-10-12T17:27:53.475+0000] {taskinstance.py:2306} INFO - Starting attempt 1 of 4
[2024-10-12T17:27:53.492+0000] {taskinstance.py:2330} INFO - Executing <Task(PythonOperator): prepare_data> on 2024-10-12 17:27:40.217110+00:00
[2024-10-12T17:27:53.513+0000] {standard_task_runner.py:64} INFO - Started process 237 to run task
[2024-10-12T17:27:53.519+0000] {standard_task_runner.py:90} INFO - Running: ['***', 'tasks', 'run', 'Nikita_Lapshin_experiment', 'prepare_data', 'manual__2024-10-12T17:27:40.217110+00:00', '--job-id', '37', '--raw', '--subdir', 'DAGS_FOLDER/HW2.py', '--cfg-path', '/tmp/tmp_a6ks8k1']
[2024-10-12T17:27:53.526+0000] {standard_task_runner.py:91} INFO - Job 37: Subtask prepare_data
[2024-10-12T17:27:53.599+0000] {task_command.py:426} INFO - Running <TaskInstance: Nikita_Lapshin_experiment.prepare_data manual__2024-10-12T17:27:40.217110+00:00 [running]> on host 8027b3e99bd6
[2024-10-12T17:27:53.789+0000] {taskinstance.py:2648} INFO - Exporting env vars: AIRFLOW_CTX_DAG_OWNER='Lapshin Nikita' AIRFLOW_CTX_DAG_ID='Nikita_Lapshin_experiment' AIRFLOW_CTX_TASK_ID='prepare_data' AIRFLOW_CTX_EXECUTION_DATE='2024-10-12T17:27:40.217110+00:00' AIRFLOW_CTX_TRY_NUMBER='1' AIRFLOW_CTX_DAG_RUN_ID='manual__2024-10-12T17:27:40.217110+00:00'
[2024-10-12T17:27:53.791+0000] {taskinstance.py:430} INFO - ::endgroup::
[2024-10-12T17:27:53.813+0000] {s3.py:1422} INFO - Downloading source S3 file from Bucket mlops-2 with path datasets/california_housing.csv
[2024-10-12T17:27:53.833+0000] {base.py:84} INFO - Using connection ID 's3_connection' for task execution.
[2024-10-12T17:27:53.835+0000] {connection_wrapper.py:388} INFO - AWS Connection (conn_id='s3_connection', conn_type='aws') credentials retrieved from login and password.
[2024-10-12T17:27:57.972+0000] {python.py:237} INFO - Done. Returned value was: {'start_time': 1728754075.313454, 'end_time': 1728754075.352031, 'features': ['Unnamed: 0', 'MedInc', 'HouseAge', 'AveRooms', 'AveBedrms', 'Population', 'AveOccup', 'Latitude']}
[2024-10-12T17:27:57.977+0000] {taskinstance.py:441} INFO - ::group::Post task execution logs
[2024-10-12T17:27:58.042+0000] {taskinstance.py:1206} INFO - Marking task as SUCCESS. dag_id=Nikita_Lapshin_experiment, task_id=prepare_data, run_id=manual__2024-10-12T17:27:40.217110+00:00, execution_date=20241012T172740, start_date=20241012T172753, end_date=20241012T172758
[2024-10-12T17:27:58.100+0000] {local_task_job_runner.py:243} INFO - Task exited with return code 0
[2024-10-12T17:27:58.156+0000] {taskinstance.py:3503} INFO - 1 downstream tasks scheduled from follow-on schedule check
[2024-10-12T17:27:58.158+0000] {local_task_job_runner.py:222} INFO - ::endgroup::
