[2024-10-13T23:52:19.316+0000] {local_task_job_runner.py:120} INFO - ::group::Pre task execution logs
[2024-10-13T23:52:19.342+0000] {taskinstance.py:2076} INFO - Dependencies all met for dep_context=non-requeueable deps ti=<TaskInstance: Nikita_Lapshin_experiment.prepare_data manual__2024-10-13T23:52:02.748773+00:00 [queued]>
[2024-10-13T23:52:19.356+0000] {taskinstance.py:2076} INFO - Dependencies all met for dep_context=requeueable deps ti=<TaskInstance: Nikita_Lapshin_experiment.prepare_data manual__2024-10-13T23:52:02.748773+00:00 [queued]>
[2024-10-13T23:52:19.357+0000] {taskinstance.py:2306} INFO - Starting attempt 1 of 4
[2024-10-13T23:52:19.385+0000] {taskinstance.py:2330} INFO - Executing <Task(PythonOperator): prepare_data> on 2024-10-13 23:52:02.748773+00:00
[2024-10-13T23:52:19.442+0000] {standard_task_runner.py:64} INFO - Started process 233 to run task
[2024-10-13T23:52:19.453+0000] {standard_task_runner.py:90} INFO - Running: ['***', 'tasks', 'run', 'Nikita_Lapshin_experiment', 'prepare_data', 'manual__2024-10-13T23:52:02.748773+00:00', '--job-id', '153', '--raw', '--subdir', 'DAGS_FOLDER/HW2.py', '--cfg-path', '/tmp/tmpg8_ml0o7']
[2024-10-13T23:52:19.460+0000] {standard_task_runner.py:91} INFO - Job 153: Subtask prepare_data
[2024-10-13T23:52:19.580+0000] {task_command.py:426} INFO - Running <TaskInstance: Nikita_Lapshin_experiment.prepare_data manual__2024-10-13T23:52:02.748773+00:00 [running]> on host 43effb7ea5a5
[2024-10-13T23:52:19.689+0000] {taskinstance.py:2648} INFO - Exporting env vars: AIRFLOW_CTX_DAG_OWNER='Lapshin Nikita' AIRFLOW_CTX_DAG_ID='Nikita_Lapshin_experiment' AIRFLOW_CTX_TASK_ID='prepare_data' AIRFLOW_CTX_EXECUTION_DATE='2024-10-13T23:52:02.748773+00:00' AIRFLOW_CTX_TRY_NUMBER='1' AIRFLOW_CTX_DAG_RUN_ID='manual__2024-10-13T23:52:02.748773+00:00'
[2024-10-13T23:52:19.691+0000] {taskinstance.py:430} INFO - ::endgroup::
[2024-10-13T23:52:19.718+0000] {s3.py:1422} INFO - Downloading source S3 file from Bucket mlops-2 with path datasets/california_housing.csv
[2024-10-13T23:52:19.731+0000] {base.py:84} INFO - Using connection ID 's3_connection' for task execution.
[2024-10-13T23:52:19.732+0000] {connection_wrapper.py:388} INFO - AWS Connection (conn_id='s3_connection', conn_type='aws') credentials retrieved from login and password.
[2024-10-13T23:52:23.263+0000] {python.py:237} INFO - Done. Returned value was: {'start_time': 1728863541.0277064, 'end_time': 1728863541.0826695, 'features': ['Unnamed: 0', 'MedInc', 'HouseAge', 'AveRooms', 'AveBedrms', 'Population', 'AveOccup', 'Latitude']}
[2024-10-13T23:52:23.289+0000] {taskinstance.py:441} INFO - ::group::Post task execution logs
[2024-10-13T23:52:23.372+0000] {taskinstance.py:1206} INFO - Marking task as SUCCESS. dag_id=Nikita_Lapshin_experiment, task_id=prepare_data, run_id=manual__2024-10-13T23:52:02.748773+00:00, execution_date=20241013T235202, start_date=20241013T235219, end_date=20241013T235223
[2024-10-13T23:52:23.445+0000] {local_task_job_runner.py:243} INFO - Task exited with return code 0
[2024-10-13T23:52:23.517+0000] {taskinstance.py:3503} INFO - 0 downstream tasks scheduled from follow-on schedule check
[2024-10-13T23:52:23.519+0000] {local_task_job_runner.py:222} INFO - ::endgroup::
