[2024-10-24T20:27:22.180+0000] {local_task_job_runner.py:120} INFO - ::group::Pre task execution logs
[2024-10-24T20:27:22.248+0000] {taskinstance.py:2076} INFO - Dependencies all met for dep_context=non-requeueable deps ti=<TaskInstance: Nikita_Lapshin_experiment.prepare_data manual__2024-10-24T20:26:54.597933+00:00 [queued]>
[2024-10-24T20:27:22.278+0000] {taskinstance.py:2076} INFO - Dependencies all met for dep_context=requeueable deps ti=<TaskInstance: Nikita_Lapshin_experiment.prepare_data manual__2024-10-24T20:26:54.597933+00:00 [queued]>
[2024-10-24T20:27:22.282+0000] {taskinstance.py:2306} INFO - Starting attempt 1 of 4
[2024-10-24T20:27:22.345+0000] {taskinstance.py:2330} INFO - Executing <Task(PythonOperator): prepare_data> on 2024-10-24 20:26:54.597933+00:00
[2024-10-24T20:27:22.427+0000] {standard_task_runner.py:64} INFO - Started process 933 to run task
[2024-10-24T20:27:22.472+0000] {standard_task_runner.py:90} INFO - Running: ['***', 'tasks', 'run', 'Nikita_Lapshin_experiment', 'prepare_data', 'manual__2024-10-24T20:26:54.597933+00:00', '--job-id', '173', '--raw', '--subdir', 'DAGS_FOLDER/HW2.py', '--cfg-path', '/tmp/tmp6844hgpu']
[2024-10-24T20:27:22.534+0000] {standard_task_runner.py:91} INFO - Job 173: Subtask prepare_data
[2024-10-24T20:27:22.880+0000] {task_command.py:426} INFO - Running <TaskInstance: Nikita_Lapshin_experiment.prepare_data manual__2024-10-24T20:26:54.597933+00:00 [running]> on host 701639cb5e9f
[2024-10-24T20:27:23.316+0000] {taskinstance.py:2648} INFO - Exporting env vars: AIRFLOW_CTX_DAG_OWNER='Lapshin Nikita' AIRFLOW_CTX_DAG_ID='Nikita_Lapshin_experiment' AIRFLOW_CTX_TASK_ID='prepare_data' AIRFLOW_CTX_EXECUTION_DATE='2024-10-24T20:26:54.597933+00:00' AIRFLOW_CTX_TRY_NUMBER='1' AIRFLOW_CTX_DAG_RUN_ID='manual__2024-10-24T20:26:54.597933+00:00'
[2024-10-24T20:27:23.325+0000] {taskinstance.py:430} INFO - ::endgroup::
[2024-10-24T20:27:23.421+0000] {s3.py:1422} INFO - Downloading source S3 file from Bucket mlops-3 with path datasets/california_housing.csv
[2024-10-24T20:27:23.469+0000] {base.py:84} INFO - Using connection ID 's3_connection' for task execution.
[2024-10-24T20:27:23.471+0000] {connection_wrapper.py:388} INFO - AWS Connection (conn_id='s3_connection', conn_type='aws') credentials retrieved from login and password.
[2024-10-24T20:27:41.303+0000] {python.py:237} INFO - Done. Returned value was: {'start_time': 1729801648.1819713, 'end_time': 1729801648.2038062, 'features': ['Unnamed: 0', 'MedInc', 'HouseAge', 'AveRooms', 'AveBedrms', 'Population', 'AveOccup', 'Latitude']}
[2024-10-24T20:27:41.312+0000] {taskinstance.py:441} INFO - ::group::Post task execution logs
[2024-10-24T20:27:41.449+0000] {taskinstance.py:1206} INFO - Marking task as SUCCESS. dag_id=Nikita_Lapshin_experiment, task_id=prepare_data, run_id=manual__2024-10-24T20:26:54.597933+00:00, execution_date=20241024T202654, start_date=20241024T202722, end_date=20241024T202741
[2024-10-24T20:27:41.525+0000] {local_task_job_runner.py:243} INFO - Task exited with return code 0
[2024-10-24T20:27:41.628+0000] {taskinstance.py:3503} INFO - 1 downstream tasks scheduled from follow-on schedule check
[2024-10-24T20:27:41.631+0000] {local_task_job_runner.py:222} INFO - ::endgroup::
