[2024-10-24T20:20:12.899+0000] {local_task_job_runner.py:120} INFO - ::group::Pre task execution logs
[2024-10-24T20:20:12.923+0000] {taskinstance.py:2076} INFO - Dependencies all met for dep_context=non-requeueable deps ti=<TaskInstance: Nikita_Lapshin_experiment.save_results scheduled__2024-10-23T01:00:00+00:00 [queued]>
[2024-10-24T20:20:12.970+0000] {taskinstance.py:2076} INFO - Dependencies all met for dep_context=requeueable deps ti=<TaskInstance: Nikita_Lapshin_experiment.save_results scheduled__2024-10-23T01:00:00+00:00 [queued]>
[2024-10-24T20:20:12.970+0000] {taskinstance.py:2306} INFO - Starting attempt 1 of 4
[2024-10-24T20:20:12.983+0000] {taskinstance.py:2330} INFO - Executing <Task(PythonOperator): save_results> on 2024-10-23 01:00:00+00:00
[2024-10-24T20:20:13.134+0000] {standard_task_runner.py:64} INFO - Started process 667 to run task
[2024-10-24T20:20:13.145+0000] {standard_task_runner.py:90} INFO - Running: ['***', 'tasks', 'run', 'Nikita_Lapshin_experiment', 'save_results', 'scheduled__2024-10-23T01:00:00+00:00', '--job-id', '164', '--raw', '--subdir', 'DAGS_FOLDER/HW2.py', '--cfg-path', '/tmp/tmpz7gkr6uh']
[2024-10-24T20:20:13.153+0000] {standard_task_runner.py:91} INFO - Job 164: Subtask save_results
[2024-10-24T20:20:13.237+0000] {task_command.py:426} INFO - Running <TaskInstance: Nikita_Lapshin_experiment.save_results scheduled__2024-10-23T01:00:00+00:00 [running]> on host 701639cb5e9f
[2024-10-24T20:20:13.412+0000] {taskinstance.py:2648} INFO - Exporting env vars: AIRFLOW_CTX_DAG_OWNER='Lapshin Nikita' AIRFLOW_CTX_DAG_ID='Nikita_Lapshin_experiment' AIRFLOW_CTX_TASK_ID='save_results' AIRFLOW_CTX_EXECUTION_DATE='2024-10-23T01:00:00+00:00' AIRFLOW_CTX_TRY_NUMBER='1' AIRFLOW_CTX_DAG_RUN_ID='scheduled__2024-10-23T01:00:00+00:00'
[2024-10-24T20:20:13.415+0000] {taskinstance.py:430} INFO - ::endgroup::
[2024-10-24T20:20:13.501+0000] {base.py:84} INFO - Using connection ID 's3_connection' for task execution.
[2024-10-24T20:20:13.503+0000] {connection_wrapper.py:388} INFO - AWS Connection (conn_id='s3_connection', conn_type='aws') credentials retrieved from login and password.
[2024-10-24T20:20:16.993+0000] {logging_mixin.py:188} INFO - Results saved successfully!
[2024-10-24T20:20:17.005+0000] {python.py:237} INFO - Done. Returned value was: None
[2024-10-24T20:20:17.006+0000] {taskinstance.py:441} INFO - ::group::Post task execution logs
[2024-10-24T20:20:17.094+0000] {taskinstance.py:1206} INFO - Marking task as SUCCESS. dag_id=Nikita_Lapshin_experiment, task_id=save_results, run_id=scheduled__2024-10-23T01:00:00+00:00, execution_date=20241023T010000, start_date=20241024T202012, end_date=20241024T202017
[2024-10-24T20:20:17.220+0000] {local_task_job_runner.py:243} INFO - Task exited with return code 0
[2024-10-24T20:20:17.378+0000] {taskinstance.py:3503} INFO - 0 downstream tasks scheduled from follow-on schedule check
[2024-10-24T20:20:17.381+0000] {local_task_job_runner.py:222} INFO - ::endgroup::
