[2024-10-24T20:47:12.597+0000] {local_task_job_runner.py:120} INFO - ::group::Pre task execution logs
[2024-10-24T20:47:12.618+0000] {taskinstance.py:2076} INFO - Dependencies all met for dep_context=non-requeueable deps ti=<TaskInstance: lapshin_nikita_linear_regression.save_results scheduled__2024-10-23T01:00:00+00:00 [queued]>
[2024-10-24T20:47:12.647+0000] {taskinstance.py:2076} INFO - Dependencies all met for dep_context=requeueable deps ti=<TaskInstance: lapshin_nikita_linear_regression.save_results scheduled__2024-10-23T01:00:00+00:00 [queued]>
[2024-10-24T20:47:12.650+0000] {taskinstance.py:2306} INFO - Starting attempt 1 of 4
[2024-10-24T20:47:12.700+0000] {taskinstance.py:2330} INFO - Executing <Task(PythonOperator): save_results> on 2024-10-23 01:00:00+00:00
[2024-10-24T20:47:12.734+0000] {standard_task_runner.py:64} INFO - Started process 2335 to run task
[2024-10-24T20:47:12.764+0000] {standard_task_runner.py:90} INFO - Running: ['***', 'tasks', 'run', 'lapshin_nikita_linear_regression', 'save_results', 'scheduled__2024-10-23T01:00:00+00:00', '--job-id', '194', '--raw', '--subdir', 'DAGS_FOLDER/HW2.py', '--cfg-path', '/tmp/tmp7b10daa1']
[2024-10-24T20:47:12.798+0000] {standard_task_runner.py:91} INFO - Job 194: Subtask save_results
[2024-10-24T20:47:13.002+0000] {task_command.py:426} INFO - Running <TaskInstance: lapshin_nikita_linear_regression.save_results scheduled__2024-10-23T01:00:00+00:00 [running]> on host 701639cb5e9f
[2024-10-24T20:47:13.134+0000] {taskinstance.py:2648} INFO - Exporting env vars: AIRFLOW_CTX_DAG_OWNER='Elizaveta Gavrilova' AIRFLOW_CTX_DAG_ID='lapshin_nikita_linear_regression' AIRFLOW_CTX_TASK_ID='save_results' AIRFLOW_CTX_EXECUTION_DATE='2024-10-23T01:00:00+00:00' AIRFLOW_CTX_TRY_NUMBER='1' AIRFLOW_CTX_DAG_RUN_ID='scheduled__2024-10-23T01:00:00+00:00'
[2024-10-24T20:47:13.136+0000] {taskinstance.py:430} INFO - ::endgroup::
[2024-10-24T20:47:13.246+0000] {base.py:84} INFO - Using connection ID 's3_connection' for task execution.
[2024-10-24T20:47:13.247+0000] {connection_wrapper.py:388} INFO - AWS Connection (conn_id='s3_connection', conn_type='aws') credentials retrieved from login and password.
[2024-10-24T20:47:15.391+0000] {logging_mixin.py:188} INFO - Results saved successfully!
[2024-10-24T20:47:15.403+0000] {python.py:237} INFO - Done. Returned value was: None
[2024-10-24T20:47:15.406+0000] {taskinstance.py:441} INFO - ::group::Post task execution logs
[2024-10-24T20:47:15.464+0000] {taskinstance.py:1206} INFO - Marking task as SUCCESS. dag_id=lapshin_nikita_linear_regression, task_id=save_results, run_id=scheduled__2024-10-23T01:00:00+00:00, execution_date=20241023T010000, start_date=20241024T204712, end_date=20241024T204715
[2024-10-24T20:47:15.579+0000] {local_task_job_runner.py:243} INFO - Task exited with return code 0
[2024-10-24T20:47:15.732+0000] {taskinstance.py:3503} INFO - 0 downstream tasks scheduled from follow-on schedule check
[2024-10-24T20:47:15.735+0000] {local_task_job_runner.py:222} INFO - ::endgroup::
