[2024-10-12T18:19:22.089+0000] {local_task_job_runner.py:120} INFO - ::group::Pre task execution logs
[2024-10-12T18:19:22.116+0000] {taskinstance.py:2076} INFO - Dependencies all met for dep_context=non-requeueable deps ti=<TaskInstance: Nikita_Lapshin_experiment.prepare_data manual__2024-10-12T18:19:09.616001+00:00 [queued]>
[2024-10-12T18:19:22.127+0000] {taskinstance.py:2076} INFO - Dependencies all met for dep_context=requeueable deps ti=<TaskInstance: Nikita_Lapshin_experiment.prepare_data manual__2024-10-12T18:19:09.616001+00:00 [queued]>
[2024-10-12T18:19:22.128+0000] {taskinstance.py:2306} INFO - Starting attempt 1 of 4
[2024-10-12T18:19:22.148+0000] {taskinstance.py:2330} INFO - Executing <Task(PythonOperator): prepare_data> on 2024-10-12 18:19:09.616001+00:00
[2024-10-12T18:19:22.178+0000] {standard_task_runner.py:64} INFO - Started process 249 to run task
[2024-10-12T18:19:22.183+0000] {standard_task_runner.py:90} INFO - Running: ['***', 'tasks', 'run', 'Nikita_Lapshin_experiment', 'prepare_data', 'manual__2024-10-12T18:19:09.616001+00:00', '--job-id', '96', '--raw', '--subdir', 'DAGS_FOLDER/HW2.py', '--cfg-path', '/tmp/tmpstwrd3ps']
[2024-10-12T18:19:22.186+0000] {standard_task_runner.py:91} INFO - Job 96: Subtask prepare_data
[2024-10-12T18:19:22.229+0000] {task_command.py:426} INFO - Running <TaskInstance: Nikita_Lapshin_experiment.prepare_data manual__2024-10-12T18:19:09.616001+00:00 [running]> on host bfabb847763f
[2024-10-12T18:19:22.363+0000] {taskinstance.py:2648} INFO - Exporting env vars: AIRFLOW_CTX_DAG_OWNER='Lapshin Nikita' AIRFLOW_CTX_DAG_ID='Nikita_Lapshin_experiment' AIRFLOW_CTX_TASK_ID='prepare_data' AIRFLOW_CTX_EXECUTION_DATE='2024-10-12T18:19:09.616001+00:00' AIRFLOW_CTX_TRY_NUMBER='1' AIRFLOW_CTX_DAG_RUN_ID='manual__2024-10-12T18:19:09.616001+00:00'
[2024-10-12T18:19:22.366+0000] {taskinstance.py:430} INFO - ::endgroup::
[2024-10-12T18:19:22.395+0000] {s3.py:1422} INFO - Downloading source S3 file from Bucket mlops-2 with path datasets/california_housing.csv
[2024-10-12T18:19:22.408+0000] {base.py:84} INFO - Using connection ID 's3_connection' for task execution.
[2024-10-12T18:19:22.409+0000] {connection_wrapper.py:388} INFO - AWS Connection (conn_id='s3_connection', conn_type='aws') credentials retrieved from login and password.
[2024-10-12T18:19:24.046+0000] {python.py:237} INFO - Done. Returned value was: {'start_time': 1728757162.8155236, 'end_time': 1728757162.840249, 'features': ['Unnamed: 0', 'MedInc', 'HouseAge', 'AveRooms', 'AveBedrms', 'Population', 'AveOccup', 'Latitude']}
[2024-10-12T18:19:24.049+0000] {taskinstance.py:441} INFO - ::group::Post task execution logs
[2024-10-12T18:19:24.089+0000] {taskinstance.py:1206} INFO - Marking task as SUCCESS. dag_id=Nikita_Lapshin_experiment, task_id=prepare_data, run_id=manual__2024-10-12T18:19:09.616001+00:00, execution_date=20241012T181909, start_date=20241012T181922, end_date=20241012T181924
[2024-10-12T18:19:24.147+0000] {local_task_job_runner.py:243} INFO - Task exited with return code 0
[2024-10-12T18:19:24.205+0000] {taskinstance.py:3503} INFO - 1 downstream tasks scheduled from follow-on schedule check
[2024-10-12T18:19:24.207+0000] {local_task_job_runner.py:222} INFO - ::endgroup::
