[2024-10-24T20:50:40.120+0000] {local_task_job_runner.py:120} INFO - ::group::Pre task execution logs
[2024-10-24T20:50:40.155+0000] {taskinstance.py:2076} INFO - Dependencies all met for dep_context=non-requeueable deps ti=<TaskInstance: lapshin_nikita_desicion_tree.prepare_data scheduled__2024-10-23T01:00:00+00:00 [queued]>
[2024-10-24T20:50:40.164+0000] {taskinstance.py:2076} INFO - Dependencies all met for dep_context=requeueable deps ti=<TaskInstance: lapshin_nikita_desicion_tree.prepare_data scheduled__2024-10-23T01:00:00+00:00 [queued]>
[2024-10-24T20:50:40.164+0000] {taskinstance.py:2306} INFO - Starting attempt 1 of 4
[2024-10-24T20:50:40.176+0000] {taskinstance.py:2330} INFO - Executing <Task(PythonOperator): prepare_data> on 2024-10-23 01:00:00+00:00
[2024-10-24T20:50:40.199+0000] {standard_task_runner.py:64} INFO - Started process 2588 to run task
[2024-10-24T20:50:40.225+0000] {standard_task_runner.py:90} INFO - Running: ['***', 'tasks', 'run', 'lapshin_nikita_desicion_tree', 'prepare_data', 'scheduled__2024-10-23T01:00:00+00:00', '--job-id', '204', '--raw', '--subdir', 'DAGS_FOLDER/HW2.py', '--cfg-path', '/tmp/tmpy1m8zly5']
[2024-10-24T20:50:40.236+0000] {standard_task_runner.py:91} INFO - Job 204: Subtask prepare_data
[2024-10-24T20:50:40.462+0000] {task_command.py:426} INFO - Running <TaskInstance: lapshin_nikita_desicion_tree.prepare_data scheduled__2024-10-23T01:00:00+00:00 [running]> on host 701639cb5e9f
[2024-10-24T20:50:40.810+0000] {taskinstance.py:2648} INFO - Exporting env vars: AIRFLOW_CTX_DAG_OWNER='Nikita Lapshin' AIRFLOW_CTX_DAG_ID='lapshin_nikita_desicion_tree' AIRFLOW_CTX_TASK_ID='prepare_data' AIRFLOW_CTX_EXECUTION_DATE='2024-10-23T01:00:00+00:00' AIRFLOW_CTX_TRY_NUMBER='1' AIRFLOW_CTX_DAG_RUN_ID='scheduled__2024-10-23T01:00:00+00:00'
[2024-10-24T20:50:40.820+0000] {taskinstance.py:430} INFO - ::endgroup::
[2024-10-24T20:50:40.870+0000] {s3.py:1422} INFO - Downloading source S3 file from Bucket mlops-3 with path datasets/california_housing.csv
[2024-10-24T20:50:40.897+0000] {base.py:84} INFO - Using connection ID 's3_connection' for task execution.
[2024-10-24T20:50:40.899+0000] {connection_wrapper.py:388} INFO - AWS Connection (conn_id='s3_connection', conn_type='aws') credentials retrieved from login and password.
[2024-10-24T20:51:33.036+0000] {python.py:237} INFO - Done. Returned value was: {'start_time': 1729803046.6208353, 'end_time': 1729803046.766685, 'features': ['Unnamed: 0', 'MedInc', 'HouseAge', 'AveRooms', 'AveBedrms', 'Population', 'AveOccup', 'Latitude']}
[2024-10-24T20:51:34.045+0000] {taskinstance.py:441} INFO - ::group::Post task execution logs
[2024-10-24T20:51:37.055+0000] {taskinstance.py:1206} INFO - Marking task as SUCCESS. dag_id=lapshin_nikita_desicion_tree, task_id=prepare_data, run_id=scheduled__2024-10-23T01:00:00+00:00, execution_date=20241023T010000, start_date=20241024T205040, end_date=20241024T205137
[2024-10-24T20:51:39.576+0000] {local_task_job_runner.py:243} INFO - Task exited with return code 0
[2024-10-24T20:51:40.065+0000] {taskinstance.py:3503} INFO - 1 downstream tasks scheduled from follow-on schedule check
[2024-10-24T20:51:40.073+0000] {local_task_job_runner.py:222} INFO - ::endgroup::
