0 verbose cli /opt/conda/bin/node /opt/conda/bin/npm
1 info using npm@9.5.1
2 info using node@v18.16.1
3 timing npm:load:whichnode Completed in 4ms
4 timing config:load:defaults Completed in 11ms
5 timing config:load:file:/opt/conda/lib/node_modules/npm/npmrc Completed in 10ms
6 timing config:load:builtin Completed in 11ms
7 timing config:load:cli Completed in 5ms
8 timing config:load:env Completed in 0ms
9 timing config:load:project Completed in 37ms
10 timing config:load:file:/home/jovyan/.npmrc Completed in 2ms
11 timing config:load:user Completed in 2ms
12 timing config:load:file:/opt/conda/etc/npmrc Completed in 4ms
13 timing config:load:global Completed in 7ms
14 timing config:load:setEnvs Completed in 7ms
15 timing config:load Completed in 84ms
16 timing npm:load:configload Completed in 84ms
17 timing npm:load:mkdirpcache Completed in 4ms
18 timing npm:load:mkdirplogs Completed in 2ms
19 verbose title npm prefix
20 verbose argv "prefix" "--global"
21 timing npm:load:setTitle Completed in 15ms
22 timing config:load:flatten Completed in 17ms
23 timing npm:load:display Completed in 41ms
24 verbose logfile logs-max:10 dir:/home/jovyan/.npm/_logs/2024-10-12T17_26_38_255Z-
25 verbose logfile /home/jovyan/.npm/_logs/2024-10-12T17_26_38_255Z-debug-0.log
26 timing npm:load:logFile Completed in 74ms
27 timing npm:load:timers Completed in 1ms
28 timing npm:load:configScope Completed in 0ms
29 timing npm:load Completed in 231ms
30 timing command:prefix Completed in 13ms
31 verbose exit 0
32 timing npm Completed in 280ms
33 info ok
