0 verbose cli /opt/conda/bin/node /opt/conda/bin/npm
1 info using npm@9.5.1
2 info using node@v18.16.1
3 timing npm:load:whichnode Completed in 63ms
4 timing config:load:defaults Completed in 39ms
5 timing config:load:file:/opt/conda/lib/node_modules/npm/npmrc Completed in 20ms
6 timing config:load:builtin Completed in 23ms
7 timing config:load:cli Completed in 75ms
8 timing config:load:env Completed in 3ms
9 timing config:load:project Completed in 45ms
10 timing config:load:file:/home/jovyan/.npmrc Completed in 8ms
11 timing config:load:user Completed in 8ms
12 timing config:load:file:/opt/conda/etc/npmrc Completed in 12ms
13 timing config:load:global Completed in 19ms
14 timing config:load:setEnvs Completed in 79ms
15 timing config:load Completed in 322ms
16 timing npm:load:configload Completed in 329ms
17 timing npm:load:mkdirpcache Completed in 21ms
18 timing npm:load:mkdirplogs Completed in 8ms
19 verbose title npm prefix
20 verbose argv "prefix" "--global"
21 timing npm:load:setTitle Completed in 14ms
22 timing config:load:flatten Completed in 20ms
23 timing npm:load:display Completed in 28ms
24 verbose logfile logs-max:10 dir:/home/jovyan/.npm/_logs/2024-10-12T16_56_38_123Z-
25 verbose logfile /home/jovyan/.npm/_logs/2024-10-12T16_56_38_123Z-debug-0.log
26 timing npm:load:logFile Completed in 161ms
27 timing npm:load:timers Completed in 9ms
28 timing npm:load:configScope Completed in 1ms
29 timing npm:load Completed in 671ms
30 timing command:prefix Completed in 50ms
31 verbose exit 0
32 timing npm Completed in 989ms
33 info ok
