[2024-10-24T20:47:12.616+0000] {local_task_job_runner.py:120} INFO - ::group::Pre task execution logs
[2024-10-24T20:47:12.687+0000] {taskinstance.py:2076} INFO - Dependencies all met for dep_context=non-requeueable deps ti=<TaskInstance: lapshin_nikita_linear_regression.save_results manual__2024-10-24T20:42:14.357316+00:00 [queued]>
[2024-10-24T20:47:12.716+0000] {taskinstance.py:2076} INFO - Dependencies all met for dep_context=requeueable deps ti=<TaskInstance: lapshin_nikita_linear_regression.save_results manual__2024-10-24T20:42:14.357316+00:00 [queued]>
[2024-10-24T20:47:12.717+0000] {taskinstance.py:2306} INFO - Starting attempt 1 of 4
[2024-10-24T20:47:12.774+0000] {taskinstance.py:2330} INFO - Executing <Task(PythonOperator): save_results> on 2024-10-24 20:42:14.357316+00:00
[2024-10-24T20:47:12.800+0000] {standard_task_runner.py:64} INFO - Started process 2337 to run task
[2024-10-24T20:47:12.818+0000] {standard_task_runner.py:90} INFO - Running: ['***', 'tasks', 'run', 'lapshin_nikita_linear_regression', 'save_results', 'manual__2024-10-24T20:42:14.357316+00:00', '--job-id', '193', '--raw', '--subdir', 'DAGS_FOLDER/HW2.py', '--cfg-path', '/tmp/tmpsh15h209']
[2024-10-24T20:47:12.823+0000] {standard_task_runner.py:91} INFO - Job 193: Subtask save_results
[2024-10-24T20:47:13.016+0000] {task_command.py:426} INFO - Running <TaskInstance: lapshin_nikita_linear_regression.save_results manual__2024-10-24T20:42:14.357316+00:00 [running]> on host 701639cb5e9f
[2024-10-24T20:47:13.171+0000] {taskinstance.py:2648} INFO - Exporting env vars: AIRFLOW_CTX_DAG_OWNER='Elizaveta Gavrilova' AIRFLOW_CTX_DAG_ID='lapshin_nikita_linear_regression' AIRFLOW_CTX_TASK_ID='save_results' AIRFLOW_CTX_EXECUTION_DATE='2024-10-24T20:42:14.357316+00:00' AIRFLOW_CTX_TRY_NUMBER='1' AIRFLOW_CTX_DAG_RUN_ID='manual__2024-10-24T20:42:14.357316+00:00'
[2024-10-24T20:47:13.181+0000] {taskinstance.py:430} INFO - ::endgroup::
[2024-10-24T20:47:13.275+0000] {base.py:84} INFO - Using connection ID 's3_connection' for task execution.
[2024-10-24T20:47:13.277+0000] {connection_wrapper.py:388} INFO - AWS Connection (conn_id='s3_connection', conn_type='aws') credentials retrieved from login and password.
[2024-10-24T20:47:15.400+0000] {logging_mixin.py:188} INFO - Results saved successfully!
[2024-10-24T20:47:15.409+0000] {python.py:237} INFO - Done. Returned value was: None
[2024-10-24T20:47:15.410+0000] {taskinstance.py:441} INFO - ::group::Post task execution logs
[2024-10-24T20:47:15.463+0000] {taskinstance.py:1206} INFO - Marking task as SUCCESS. dag_id=lapshin_nikita_linear_regression, task_id=save_results, run_id=manual__2024-10-24T20:42:14.357316+00:00, execution_date=20241024T204214, start_date=20241024T204712, end_date=20241024T204715
[2024-10-24T20:47:15.552+0000] {local_task_job_runner.py:243} INFO - Task exited with return code 0
[2024-10-24T20:47:15.733+0000] {taskinstance.py:3503} INFO - 0 downstream tasks scheduled from follow-on schedule check
[2024-10-24T20:47:15.736+0000] {local_task_job_runner.py:222} INFO - ::endgroup::
